<?xml version="1.0" encoding="UTF-8"?>
<testsuite name="com.group.libraryapp.JUnitTest" tests="2" skipped="0" failures="0" errors="0" timestamp="2024-01-21T12:21:10" hostname="isols-MacBook-Pro.local" time="0.008">
  <properties/>
  <testcase name="test1()" classname="com.group.libraryapp.JUnitTest" time="0.007"/>
  <testcase name="test2()" classname="com.group.libraryapp.JUnitTest" time="0.0"/>
  <system-out><![CDATA[모든 테스트 시작 전
모든 테스트 종료 후
각 테스트 시작 전
테스트 1
각 테스트 종료 후
각 테스트 시작 전
테스트 2
각 테스트 종료 후
]]></system-out>
  <system-err><![CDATA[]]></system-err>
</testsuite>
